<?xml version="1.0" encoding="UTF-8"?>
<testsuite name="com.pk.controllerTest.ControllerTest" time="0.436" tests="4" errors="0" skipped="3" failures="0">
  <properties>
[...]
</properties>
  <testcase name="checkWhetherCanRegister" classname="com.pk.controllerTest.ControllerTest" time="0">
    <skipped/>
    <system-out><![CDATA[23:39:11.270 [main] DEBUG org.springframework.test.context.junit4.SpringJUnit4ClassRunner - SpringJUnit4ClassRunner constructor called with [class com.pk.controllerTest.ControllerTest]
23:39:11.278 [main] DEBUG org.springframework.test.context.BootstrapUtils - Instantiating CacheAwareContextLoaderDelegate from class [org.springframework.test.context.cache.DefaultCacheAwareContextLoaderDelegate]
23:39:11.287 [main] DEBUG org.springframework.test.context.BootstrapUtils - Instantiating BootstrapContext using constructor [public org.springframework.test.context.support.DefaultBootstrapContext(java.lang.Class,org.springframework.test.context.CacheAwareContextLoaderDelegate)]
23:39:11.307 [main] DEBUG org.springframework.test.context.BootstrapUtils - Instantiating TestContextBootstrapper for test class [com.pk.controllerTest.ControllerTest] from class [org.springframework.boot.test.context.SpringBootTestContextBootstrapper]
23:39:11.328 [main] INFO org.springframework.boot.test.context.SpringBootTestContextBootstrapper - Neither @ContextConfiguration nor @ContextHierarchy found for test class [com.pk.controllerTest.ControllerTest], using SpringBootContextLoader
23:39:11.333 [main] DEBUG org.springframework.test.context.support.AbstractContextLoader - Did not detect default resource location for test class [com.pk.controllerTest.ControllerTest]: class path resource [com/pk/controllerTest/ControllerTest-context.xml] does not exist
23:39:11.334 [main] DEBUG org.springframework.test.context.support.AbstractContextLoader - Did not detect default resource location for test class [com.pk.controllerTest.ControllerTest]: class path resource [com/pk/controllerTest/ControllerTestContext.groovy] does not exist
23:39:11.334 [main] INFO org.springframework.test.context.support.AbstractContextLoader - Could not detect default resource locations for test class [com.pk.controllerTest.ControllerTest]: no resource found for suffixes {-context.xml, Context.groovy}.
23:39:11.336 [main] INFO org.springframework.test.context.support.AnnotationConfigContextLoaderUtils - Could not detect default configuration classes for test class [com.pk.controllerTest.ControllerTest]: ControllerTest does not declare any static, non-private, non-final, nested classes annotated with @Configuration.
23:39:11.385 [main] DEBUG org.springframework.test.context.support.ActiveProfilesUtils - Could not find an 'annotation declaring class' for annotation type [org.springframework.test.context.ActiveProfiles] and class [com.pk.controllerTest.ControllerTest]
23:39:11.395 [main] DEBUG org.springframework.core.env.StandardEnvironment - Adding [systemProperties] PropertySource with lowest search precedence
23:39:11.397 [main] DEBUG org.springframework.core.env.StandardEnvironment - Adding [systemEnvironment] PropertySource with lowest search precedence
23:39:11.398 [main] DEBUG org.springframework.core.env.StandardEnvironment - Initialized StandardEnvironment with PropertySources [systemProperties,systemEnvironment]
23:39:11.415 [main] DEBUG org.springframework.core.io.support.PathMatchingResourcePatternResolver - Resolved classpath location [com/pk/controllerTest/] to resources [URL [file:/D:/engram/springBootServer/target/test-classes/com/pk/controllerTest/]]
23:39:11.415 [main] DEBUG org.springframework.core.io.support.PathMatchingResourcePatternResolver - Looking for matching resources in directory tree [D:\engram\springBootServer\target\test-classes\com\pk\controllerTest]
23:39:11.416 [main] DEBUG org.springframework.core.io.support.PathMatchingResourcePatternResolver - Searching directory [D:\engram\springBootServer\target\test-classes\com\pk\controllerTest] for files matching pattern [D:/engram/springBootServer/target/test-classes/com/pk/controllerTest/*.class]
23:39:11.429 [main] DEBUG org.springframework.core.io.support.PathMatchingResourcePatternResolver - Resolved location pattern [classpath*:com/pk/controllerTest/*.class] to resources [file [D:\engram\springBootServer\target\test-classes\com\pk\controllerTest\ControllerTest.class]]
23:39:11.469 [main] DEBUG org.springframework.core.io.support.PathMatchingResourcePatternResolver - Resolved classpath location [com/pk/] to resources [URL [file:/D:/engram/springBootServer/target/test-classes/com/pk/], URL [file:/D:/engram/springBootServer/target/classes/com/pk/]]
23:39:11.469 [main] DEBUG org.springframework.core.io.support.PathMatchingResourcePatternResolver - Looking for matching resources in directory tree [D:\engram\springBootServer\target\test-classes\com\pk]
23:39:11.469 [main] DEBUG org.springframework.core.io.support.PathMatchingResourcePatternResolver - Searching directory [D:\engram\springBootServer\target\test-classes\com\pk] for files matching pattern [D:/engram/springBootServer/target/test-classes/com/pk/*.class]
23:39:11.470 [main] DEBUG org.springframework.core.io.support.PathMatchingResourcePatternResolver - Looking for matching resources in directory tree [D:\engram\springBootServer\target\classes\com\pk]
23:39:11.470 [main] DEBUG org.springframework.core.io.support.PathMatchingResourcePatternResolver - Searching directory [D:\engram\springBootServer\target\classes\com\pk] for files matching pattern [D:/engram/springBootServer/target/classes/com/pk/*.class]
23:39:11.475 [main] DEBUG org.springframework.core.io.support.PathMatchingResourcePatternResolver - Resolved location pattern [classpath*:com/pk/*.class] to resources [file [D:\engram\springBootServer\target\test-classes\com\pk\SpringBootServerApplicationTests.class], file [D:\engram\springBootServer\target\classes\com\pk\MyWebAppConfigurer.class], file [D:\engram\springBootServer\target\classes\com\pk\SpringBootServerApplication.class]]
23:39:11.529 [main] DEBUG org.springframework.context.annotation.ClassPathScanningCandidateComponentProvider - Identified candidate component class: file [D:\engram\springBootServer\target\classes\com\pk\SpringBootServerApplication.class]
23:39:11.531 [main] INFO org.springframework.boot.test.context.SpringBootTestContextBootstrapper - Found @SpringBootConfiguration com.pk.SpringBootServerApplication for test class com.pk.controllerTest.ControllerTest
23:39:11.544 [main] DEBUG org.springframework.boot.test.context.SpringBootTestContextBootstrapper - @TestExecutionListeners is not present for class [com.pk.controllerTest.ControllerTest]: using defaults.
23:39:11.552 [main] INFO org.springframework.boot.test.context.SpringBootTestContextBootstrapper - Loaded default TestExecutionListener class names from location [META-INF/spring.factories]: [org.springframework.boot.test.mock.mockito.MockitoTestExecutionListener, org.springframework.boot.test.mock.mockito.ResetMocksTestExecutionListener, org.springframework.boot.test.autoconfigure.restdocs.RestDocsTestExecutionListener, org.springframework.boot.test.autoconfigure.web.client.MockRestServiceServerResetTestExecutionListener, org.springframework.boot.test.autoconfigure.web.servlet.MockMvcPrintOnlyOnFailureTestExecutionListener, org.springframework.boot.test.autoconfigure.web.servlet.WebDriverTestExecutionListener, org.springframework.test.context.web.ServletTestExecutionListener, org.springframework.test.context.support.DirtiesContextBeforeModesTestExecutionListener, org.springframework.test.context.support.DependencyInjectionTestExecutionListener, org.springframework.test.context.support.DirtiesContextTestExecutionListener, org.springframework.test.context.transaction.TransactionalTestExecutionListener, org.springframework.test.context.jdbc.SqlScriptsTestExecutionListener]
23:39:11.581 [main] INFO org.springframework.boot.test.context.SpringBootTestContextBootstrapper - Using TestExecutionListeners: [org.springframework.test.context.web.ServletTestExecutionListener@2d2e5f00, org.springframework.test.context.support.DirtiesContextBeforeModesTestExecutionListener@4c40b76e, org.springframework.boot.test.autoconfigure.SpringBootDependencyInjectionTestExecutionListener@2ea6137, org.springframework.test.context.support.DirtiesContextTestExecutionListener@41ee392b, org.springframework.test.context.transaction.TransactionalTestExecutionListener@1e67a849, org.springframework.test.context.jdbc.SqlScriptsTestExecutionListener@57d5872c, org.springframework.boot.test.mock.mockito.MockitoTestExecutionListener@667a738, org.springframework.boot.test.mock.mockito.ResetMocksTestExecutionListener@36f0f1be, org.springframework.boot.test.autoconfigure.web.servlet.MockMvcPrintOnlyOnFailureTestExecutionListener@157632c9, org.springframework.boot.test.autoconfigure.web.servlet.WebDriverTestExecutionListener@6ee12bac, org.springframework.boot.test.autoconfigure.web.client.MockRestServiceServerResetTestExecutionListener@55040f2f, org.springframework.boot.test.autoconfigure.restdocs.RestDocsTestExecutionListener@64c87930]
23:39:11.581 [main] DEBUG org.springframework.test.context.junit4.SpringJUnit4ClassRunner - SpringJUnit4ClassRunner constructor called with [class com.pk.SpringBootServerApplicationTests]
23:39:11.583 [main] DEBUG org.springframework.test.context.BootstrapUtils - Instantiating CacheAwareContextLoaderDelegate from class [org.springframework.test.context.cache.DefaultCacheAwareContextLoaderDelegate]
23:39:11.583 [main] DEBUG org.springframework.test.context.BootstrapUtils - Instantiating BootstrapContext using constructor [public org.springframework.test.context.support.DefaultBootstrapContext(java.lang.Class,org.springframework.test.context.CacheAwareContextLoaderDelegate)]
23:39:11.583 [main] DEBUG org.springframework.test.context.BootstrapUtils - Instantiating TestContextBootstrapper for test class [com.pk.SpringBootServerApplicationTests] from class [org.springframework.boot.test.context.SpringBootTestContextBootstrapper]
23:39:11.584 [main] INFO org.springframework.boot.test.context.SpringBootTestContextBootstrapper - Neither @ContextConfiguration nor @ContextHierarchy found for test class [com.pk.SpringBootServerApplicationTests], using SpringBootContextLoader
23:39:11.585 [main] DEBUG org.springframework.test.context.support.AbstractContextLoader - Did not detect default resource location for test class [com.pk.SpringBootServerApplicationTests]: class path resource [com/pk/SpringBootServerApplicationTests-context.xml] does not exist
23:39:11.585 [main] DEBUG org.springframework.test.context.support.AbstractContextLoader - Did not detect default resource location for test class [com.pk.SpringBootServerApplicationTests]: class path resource [com/pk/SpringBootServerApplicationTestsContext.groovy] does not exist
23:39:11.586 [main] INFO org.springframework.test.context.support.AbstractContextLoader - Could not detect default resource locations for test class [com.pk.SpringBootServerApplicationTests]: no resource found for suffixes {-context.xml, Context.groovy}.
23:39:11.588 [main] INFO org.springframework.test.context.support.AnnotationConfigContextLoaderUtils - Could not detect default configuration classes for test class [com.pk.SpringBootServerApplicationTests]: SpringBootServerApplicationTests does not declare any static, non-private, non-final, nested classes annotated with @Configuration.
23:39:11.603 [main] DEBUG org.springframework.test.context.support.ActiveProfilesUtils - Could not find an 'annotation declaring class' for annotation type [org.springframework.test.context.ActiveProfiles] and class [com.pk.SpringBootServerApplicationTests]
23:39:11.603 [main] DEBUG org.springframework.core.env.StandardEnvironment - Adding [systemProperties] PropertySource with lowest search precedence
23:39:11.605 [main] DEBUG org.springframework.core.env.StandardEnvironment - Adding [systemEnvironment] PropertySource with lowest search precedence
23:39:11.606 [main] DEBUG org.springframework.core.env.StandardEnvironment - Initialized StandardEnvironment with PropertySources [systemProperties,systemEnvironment]
23:39:11.607 [main] DEBUG org.springframework.core.io.support.PathMatchingResourcePatternResolver - Resolved classpath location [com/pk/] to resources [URL [file:/D:/engram/springBootServer/target/test-classes/com/pk/], URL [file:/D:/engram/springBootServer/target/classes/com/pk/]]
23:39:11.607 [main] DEBUG org.springframework.core.io.support.PathMatchingResourcePatternResolver - Looking for matching resources in directory tree [D:\engram\springBootServer\target\test-classes\com\pk]
23:39:11.608 [main] DEBUG org.springframework.core.io.support.PathMatchingResourcePatternResolver - Searching directory [D:\engram\springBootServer\target\test-classes\com\pk] for files matching pattern [D:/engram/springBootServer/target/test-classes/com/pk/*.class]
23:39:11.610 [main] DEBUG org.springframework.core.io.support.PathMatchingResourcePatternResolver - Looking for matching resources in directory tree [D:\engram\springBootServer\target\classes\com\pk]
23:39:11.610 [main] DEBUG org.springframework.core.io.support.PathMatchingResourcePatternResolver - Searching directory [D:\engram\springBootServer\target\classes\com\pk] for files matching pattern [D:/engram/springBootServer/target/classes/com/pk/*.class]
23:39:11.612 [main] DEBUG org.springframework.core.io.support.PathMatchingResourcePatternResolver - Resolved location pattern [classpath*:com/pk/*.class] to resources [file [D:\engram\springBootServer\target\test-classes\com\pk\SpringBootServerApplicationTests.class], file [D:\engram\springBootServer\target\classes\com\pk\MyWebAppConfigurer.class], file [D:\engram\springBootServer\target\classes\com\pk\SpringBootServerApplication.class]]
23:39:11.615 [main] DEBUG org.springframework.context.annotation.ClassPathScanningCandidateComponentProvider - Identified candidate component class: file [D:\engram\springBootServer\target\classes\com\pk\SpringBootServerApplication.class]
23:39:11.615 [main] INFO org.springframework.boot.test.context.SpringBootTestContextBootstrapper - Found @SpringBootConfiguration com.pk.SpringBootServerApplication for test class com.pk.SpringBootServerApplicationTests
23:39:11.621 [main] DEBUG org.springframework.boot.test.context.SpringBootTestContextBootstrapper - @TestExecutionListeners is not present for class [com.pk.SpringBootServerApplicationTests]: using defaults.
23:39:11.629 [main] INFO org.springframework.boot.test.context.SpringBootTestContextBootstrapper - Loaded default TestExecutionListener class names from location [META-INF/spring.factories]: [org.springframework.boot.test.mock.mockito.MockitoTestExecutionListener, org.springframework.boot.test.mock.mockito.ResetMocksTestExecutionListener, org.springframework.boot.test.autoconfigure.restdocs.RestDocsTestExecutionListener, org.springframework.boot.test.autoconfigure.web.client.MockRestServiceServerResetTestExecutionListener, org.springframework.boot.test.autoconfigure.web.servlet.MockMvcPrintOnlyOnFailureTestExecutionListener, org.springframework.boot.test.autoconfigure.web.servlet.WebDriverTestExecutionListener, org.springframework.test.context.web.ServletTestExecutionListener, org.springframework.test.context.support.DirtiesContextBeforeModesTestExecutionListener, org.springframework.test.context.support.DependencyInjectionTestExecutionListener, org.springframework.test.context.support.DirtiesContextTestExecutionListener, org.springframework.test.context.transaction.TransactionalTestExecutionListener, org.springframework.test.context.jdbc.SqlScriptsTestExecutionListener]
23:39:11.640 [main] INFO org.springframework.boot.test.context.SpringBootTestContextBootstrapper - Using TestExecutionListeners: [org.springframework.test.context.web.ServletTestExecutionListener@15761df8, org.springframework.test.context.support.DirtiesContextBeforeModesTestExecutionListener@6ab7a896, org.springframework.boot.test.autoconfigure.SpringBootDependencyInjectionTestExecutionListener@327b636c, org.springframework.test.context.support.DirtiesContextTestExecutionListener@45dd4eda, org.springframework.test.context.transaction.TransactionalTestExecutionListener@60611244, org.springframework.test.context.jdbc.SqlScriptsTestExecutionListener@3745e5c6, org.springframework.boot.test.mock.mockito.MockitoTestExecutionListener@5e4c8041, org.springframework.boot.test.mock.mockito.ResetMocksTestExecutionListener@71c8becc, org.springframework.boot.test.autoconfigure.web.servlet.MockMvcPrintOnlyOnFailureTestExecutionListener@19d37183, org.springframework.boot.test.autoconfigure.web.servlet.WebDriverTestExecutionListener@1a0dcaa, org.springframework.boot.test.autoconfigure.web.client.MockRestServiceServerResetTestExecutionListener@3bd40a57, org.springframework.boot.test.autoconfigure.restdocs.RestDocsTestExecutionListener@fdefd3f]
23:39:11.652 [main] DEBUG org.springframework.test.annotation.ProfileValueUtils - Retrieved @ProfileValueSourceConfiguration [null] for test class [com.pk.controllerTest.ControllerTest]
23:39:11.653 [main] DEBUG org.springframework.test.annotation.ProfileValueUtils - Retrieved ProfileValueSource type [class org.springframework.test.annotation.SystemProfileValueSource] for class [com.pk.controllerTest.ControllerTest]
23:39:11.655 [main] DEBUG org.springframework.test.annotation.ProfileValueUtils - Retrieved @ProfileValueSourceConfiguration [null] for test class [com.pk.SpringBootServerApplicationTests]
23:39:11.655 [main] DEBUG org.springframework.test.annotation.ProfileValueUtils - Retrieved ProfileValueSource type [class org.springframework.test.annotation.SystemProfileValueSource] for class [com.pk.SpringBootServerApplicationTests]
23:39:11.661 [main] DEBUG org.springframework.test.context.junit4.SpringJUnit4ClassRunner - SpringJUnit4ClassRunner constructor called with [class com.pk.controllerTest.ControllerTest]
23:39:11.661 [main] DEBUG org.springframework.test.context.BootstrapUtils - Instantiating CacheAwareContextLoaderDelegate from class [org.springframework.test.context.cache.DefaultCacheAwareContextLoaderDelegate]
23:39:11.661 [main] DEBUG org.springframework.test.context.BootstrapUtils - Instantiating BootstrapContext using constructor [public org.springframework.test.context.support.DefaultBootstrapContext(java.lang.Class,org.springframework.test.context.CacheAwareContextLoaderDelegate)]
23:39:11.662 [main] DEBUG org.springframework.test.context.BootstrapUtils - Instantiating TestContextBootstrapper for test class [com.pk.controllerTest.ControllerTest] from class [org.springframework.boot.test.context.SpringBootTestContextBootstrapper]
23:39:11.663 [main] INFO org.springframework.boot.test.context.SpringBootTestContextBootstrapper - Neither @ContextConfiguration nor @ContextHierarchy found for test class [com.pk.controllerTest.ControllerTest], using SpringBootContextLoader
23:39:11.665 [main] DEBUG org.springframework.test.context.support.AbstractContextLoader - Did not detect default resource location for test class [com.pk.controllerTest.ControllerTest]: class path resource [com/pk/controllerTest/ControllerTest-context.xml] does not exist
23:39:11.665 [main] DEBUG org.springframework.test.context.support.AbstractContextLoader - Did not detect default resource location for test class [com.pk.controllerTest.ControllerTest]: class path resource [com/pk/controllerTest/ControllerTestContext.groovy] does not exist
23:39:11.666 [main] INFO org.springframework.test.context.support.AbstractContextLoader - Could not detect default resource locations for test class [com.pk.controllerTest.ControllerTest]: no resource found for suffixes {-context.xml, Context.groovy}.
23:39:11.666 [main] INFO org.springframework.test.context.support.AnnotationConfigContextLoaderUtils - Could not detect default configuration classes for test class [com.pk.controllerTest.ControllerTest]: ControllerTest does not declare any static, non-private, non-final, nested classes annotated with @Configuration.
23:39:11.681 [main] DEBUG org.springframework.test.context.support.ActiveProfilesUtils - Could not find an 'annotation declaring class' for annotation type [org.springframework.test.context.ActiveProfiles] and class [com.pk.controllerTest.ControllerTest]
23:39:11.681 [main] DEBUG org.springframework.core.env.StandardEnvironment - Adding [systemProperties] PropertySource with lowest search precedence
23:39:11.682 [main] DEBUG org.springframework.core.env.StandardEnvironment - Adding [systemEnvironment] PropertySource with lowest search precedence
23:39:11.685 [main] DEBUG org.springframework.core.env.StandardEnvironment - Initialized StandardEnvironment with PropertySources [systemProperties,systemEnvironment]
23:39:11.685 [main] INFO org.springframework.boot.test.context.SpringBootTestContextBootstrapper - Found @SpringBootConfiguration com.pk.SpringBootServerApplication for test class com.pk.controllerTest.ControllerTest
23:39:11.690 [main] DEBUG org.springframework.boot.test.context.SpringBootTestContextBootstrapper - @TestExecutionListeners is not present for class [com.pk.controllerTest.ControllerTest]: using defaults.
23:39:11.696 [main] INFO org.springframework.boot.test.context.SpringBootTestContextBootstrapper - Loaded default TestExecutionListener class names from location [META-INF/spring.factories]: [org.springframework.boot.test.mock.mockito.MockitoTestExecutionListener, org.springframework.boot.test.mock.mockito.ResetMocksTestExecutionListener, org.springframework.boot.test.autoconfigure.restdocs.RestDocsTestExecutionListener, org.springframework.boot.test.autoconfigure.web.client.MockRestServiceServerResetTestExecutionListener, org.springframework.boot.test.autoconfigure.web.servlet.MockMvcPrintOnlyOnFailureTestExecutionListener, org.springframework.boot.test.autoconfigure.web.servlet.WebDriverTestExecutionListener, org.springframework.test.context.web.ServletTestExecutionListener, org.springframework.test.context.support.DirtiesContextBeforeModesTestExecutionListener, org.springframework.test.context.support.DependencyInjectionTestExecutionListener, org.springframework.test.context.support.DirtiesContextTestExecutionListener, org.springframework.test.context.transaction.TransactionalTestExecutionListener, org.springframework.test.context.jdbc.SqlScriptsTestExecutionListener]
23:39:11.704 [main] INFO org.springframework.boot.test.context.SpringBootTestContextBootstrapper - Using TestExecutionListeners: [org.springframework.test.context.web.ServletTestExecutionListener@1a04f701, org.springframework.test.context.support.DirtiesContextBeforeModesTestExecutionListener@4e91d63f, org.springframework.boot.test.autoconfigure.SpringBootDependencyInjectionTestExecutionListener@d4342c2, org.springframework.test.context.support.DirtiesContextTestExecutionListener@2bbf180e, org.springframework.test.context.transaction.TransactionalTestExecutionListener@163e4e87, org.springframework.test.context.jdbc.SqlScriptsTestExecutionListener@56de5251, org.springframework.boot.test.mock.mockito.MockitoTestExecutionListener@419c5f1a, org.springframework.boot.test.mock.mockito.ResetMocksTestExecutionListener@12b0404f, org.springframework.boot.test.autoconfigure.web.servlet.MockMvcPrintOnlyOnFailureTestExecutionListener@769e7ee8, org.springframework.boot.test.autoconfigure.web.servlet.WebDriverTestExecutionListener@5276e6b0, org.springframework.boot.test.autoconfigure.web.client.MockRestServiceServerResetTestExecutionListener@71b1176b, org.springframework.boot.test.autoconfigure.restdocs.RestDocsTestExecutionListener@6193932a]
23:39:11.704 [main] DEBUG org.springframework.test.annotation.ProfileValueUtils - Retrieved @ProfileValueSourceConfiguration [null] for test class [com.pk.controllerTest.ControllerTest]
23:39:11.707 [main] DEBUG org.springframework.test.annotation.ProfileValueUtils - Retrieved ProfileValueSource type [class org.springframework.test.annotation.SystemProfileValueSource] for class [com.pk.controllerTest.ControllerTest]
23:39:11.709 [main] DEBUG org.springframework.test.annotation.ProfileValueUtils - Retrieved @ProfileValueSourceConfiguration [null] for test class [com.pk.controllerTest.ControllerTest]
23:39:11.716 [main] DEBUG org.springframework.test.annotation.ProfileValueUtils - Retrieved ProfileValueSource type [class org.springframework.test.annotation.SystemProfileValueSource] for class [com.pk.controllerTest.ControllerTest]
23:39:11.724 [main] DEBUG org.springframework.test.context.support.AbstractDirtiesContextTestExecutionListener - Before test class: context [DefaultTestContext@778d1062 testClass = ControllerTest, testInstance = [null], testMethod = [null], testException = [null], mergedContextConfiguration = [WebMergedContextConfiguration@670002 testClass = ControllerTest, locations = '{}', classes = '{class com.pk.SpringBootServerApplication}', contextInitializerClasses = '[]', activeProfiles = '{}', propertySourceLocations = '{}', propertySourceProperties = '{org.springframework.boot.test.context.SpringBootTestContextBootstrapper=true, server.port=0}', contextCustomizers = set[org.springframework.boot.test.context.SpringBootTestContextCustomizer@64729b1e, org.springframework.boot.test.context.filter.ExcludeFilterContextCustomizer@6895a785, org.springframework.boot.test.json.DuplicateJsonObjectContextCustomizerFactory$DuplicateJsonObjectContextCustomizer@1f7030a6, org.springframework.boot.test.mock.mockito.MockitoContextCustomizer@0, org.springframework.boot.test.autoconfigure.properties.PropertyMappingContextCustomizer@0, org.springframework.boot.test.autoconfigure.web.servlet.WebDriverContextCustomizerFactory$Customizer@ea1a8d5], resourceBasePath = 'src/main/webapp', contextLoader = 'org.springframework.boot.test.context.SpringBootContextLoader', parent = [null]]], class annotated with @DirtiesContext [false] with mode [null].
]]></system-out>
  </testcase>
  <testcase name="findUser" classname="com.pk.controllerTest.ControllerTest" time="0">
    <skipped/>
  </testcase>
  <testcase name="getTest" classname="com.pk.controllerTest.ControllerTest" time="0">
    <skipped/>
  </testcase>
  <testcase name="getCommentToAuthorSelf" classname="com.pk.controllerTest.ControllerTest" time="0.436"/>
</testsuite>